TN:
SF:WebSocketService.ts
FN:46,(anonymous_0)
FN:61,(anonymous_1)
FN:77,(anonymous_2)
FN:85,(anonymous_3)
FN:86,(anonymous_4)
FN:91,(anonymous_5)
FN:97,(anonymous_6)
FN:103,(anonymous_7)
FN:115,(anonymous_8)
FN:148,(anonymous_9)
FN:172,(anonymous_10)
FN:186,(anonymous_11)
FN:209,(anonymous_12)
FN:218,(anonymous_13)
FN:239,(anonymous_14)
FN:271,(anonymous_15)
FN:273,(anonymous_16)
FN:285,(anonymous_17)
FN:286,(anonymous_18)
FN:295,(anonymous_19)
FN:305,(anonymous_20)
FN:312,(anonymous_21)
FN:319,(anonymous_22)
FN:326,(anonymous_23)
FN:333,(anonymous_24)
FN:340,(anonymous_25)
FNF:26
FNH:17
FNDA:13,(anonymous_0)
FNDA:13,(anonymous_1)
FNDA:0,(anonymous_2)
FNDA:13,(anonymous_3)
FNDA:0,(anonymous_4)
FNDA:0,(anonymous_5)
FNDA:0,(anonymous_6)
FNDA:0,(anonymous_7)
FNDA:0,(anonymous_8)
FNDA:0,(anonymous_9)
FNDA:0,(anonymous_10)
FNDA:0,(anonymous_11)
FNDA:3,(anonymous_12)
FNDA:3,(anonymous_13)
FNDA:5,(anonymous_14)
FNDA:7,(anonymous_15)
FNDA:6,(anonymous_16)
FNDA:3,(anonymous_17)
FNDA:4,(anonymous_18)
FNDA:2,(anonymous_19)
FNDA:5,(anonymous_20)
FNDA:4,(anonymous_21)
FNDA:13,(anonymous_22)
FNDA:1,(anonymous_23)
FNDA:3,(anonymous_24)
FNDA:2,(anonymous_25)
DA:16,4
DA:19,4
DA:35,4
DA:37,13
DA:38,13
DA:39,13
DA:47,13
DA:48,13
DA:49,13
DA:52,13
DA:53,13
DA:54,13
DA:62,13
DA:64,13
DA:65,13
DA:68,0
DA:69,0
DA:70,0
DA:74,13
DA:75,13
DA:76,13
DA:77,13
DA:78,0
DA:86,13
DA:87,0
DA:88,0
DA:91,0
DA:92,0
DA:93,0
DA:97,0
DA:98,0
DA:99,0
DA:103,0
DA:104,0
DA:105,0
DA:116,0
DA:118,0
DA:119,0
DA:120,0
DA:123,0
DA:124,0
DA:126,0
DA:128,0
DA:129,0
DA:130,0
DA:132,0
DA:133,0
DA:134,0
DA:136,0
DA:139,0
DA:149,0
DA:152,0
DA:153,0
DA:154,0
DA:158,0
DA:159,0
DA:160,0
DA:163,0
DA:164,0
DA:173,0
DA:187,0
DA:210,3
DA:211,3
DA:214,3
DA:215,3
DA:217,3
DA:218,2
DA:219,3
DA:220,3
DA:221,3
DA:225,1
DA:228,3
DA:241,5
DA:242,1
DA:243,1
DA:247,4
DA:258,4
DA:259,3
DA:263,4
DA:264,4
DA:272,7
DA:273,7
DA:274,6
DA:275,5
DA:286,4
DA:287,3
DA:288,3
DA:296,2
DA:306,5
DA:313,4
DA:320,13
DA:327,1
DA:334,3
DA:341,2
LF:94
LH:53
BRDA:53,0,0,0
BRDA:53,0,1,13
BRDA:53,1,0,13
BRDA:53,1,1,13
BRDA:62,2,0,13
BRDA:62,2,1,0
BRDA:62,3,0,13
BRDA:62,3,1,13
BRDA:126,4,0,0
BRDA:126,4,1,0
BRDA:126,4,2,0
BRDA:152,5,0,0
BRDA:158,6,0,0
BRDA:174,7,0,0
BRDA:174,7,1,0
BRDA:174,7,2,0
BRDA:174,7,3,0
BRDA:188,8,0,0
BRDA:188,8,1,0
BRDA:188,8,2,0
BRDA:188,8,3,0
BRDA:188,8,4,0
BRDA:188,8,5,0
BRDA:188,8,6,0
BRDA:188,8,7,0
BRDA:217,9,0,2
BRDA:217,9,1,1
BRDA:219,10,0,3
BRDA:241,11,0,1
BRDA:253,12,0,4
BRDA:253,12,1,1
BRDA:254,13,0,4
BRDA:254,13,1,1
BRDA:258,14,0,3
BRDA:274,15,0,5
BRF:35
BRH:16
end_of_record
TN:
SF:index.ts
FN:72,(anonymous_0)
FN:90,(anonymous_1)
FN:126,(anonymous_2)
FN:143,(anonymous_3)
FN:153,(anonymous_4)
FNF:5
FNH:0
FNDA:0,(anonymous_0)
FNDA:0,(anonymous_1)
FNDA:0,(anonymous_2)
FNDA:0,(anonymous_3)
FNDA:0,(anonymous_4)
DA:24,0
DA:27,0
DA:30,0
DA:36,0
DA:37,0
DA:38,0
DA:40,0
DA:46,0
DA:49,0
DA:51,0
DA:53,0
DA:56,0
DA:57,0
DA:58,0
DA:72,0
DA:73,0
DA:90,0
DA:91,0
DA:116,0
DA:126,0
DA:127,0
DA:143,0
DA:144,0
DA:145,0
DA:146,0
DA:153,0
DA:154,0
DA:155,0
DA:156,0
LF:29
LH:0
BRDA:30,0,0,0
BRDA:30,0,1,0
BRDA:51,1,0,0
BRDA:51,1,1,0
BRDA:116,2,0,0
BRDA:116,2,1,0
BRF:6
BRH:0
end_of_record
TN:
SF:initialState.ts
FN:4,(anonymous_0)
FN:7,(anonymous_1)
FN:99,(anonymous_2)
FNF:3
FNH:0
FNDA:0,(anonymous_0)
FNDA:0,(anonymous_1)
FNDA:0,(anonymous_2)
DA:2,4
DA:4,4
DA:5,0
DA:8,0
DA:11,0
DA:12,0
DA:13,0
DA:24,0
DA:25,0
DA:26,0
DA:37,0
DA:38,0
DA:39,0
DA:55,0
DA:58,0
DA:59,0
DA:68,0
DA:71,0
DA:72,0
DA:81,0
DA:84,0
DA:85,0
DA:94,0
DA:96,0
DA:100,0
LF:25
LH:2
BRF:0
BRH:0
end_of_record
TN:
SF:dist/server/WebSocketService.d.ts
FNF:0
FNH:0
LF:0
LH:0
BRF:0
BRH:0
end_of_record
TN:
SF:dist/server/index.d.ts
FNF:0
FNH:0
LF:0
LH:0
BRF:0
BRH:0
end_of_record
TN:
SF:dist/server/initialState.d.ts
FNF:0
FNH:0
LF:0
LH:0
BRF:0
BRH:0
end_of_record
TN:
SF:dist/shared/types.d.ts
FNF:0
FNH:0
LF:0
LH:0
BRF:0
BRH:0
end_of_record
